============================= test session starts ==============================
platform linux -- Python 3.12.3, pytest-9.0.2, pluggy-1.6.0 -- /home/jlwestsr/.python3_venv/bin/python3
cachedir: .pytest_cache
rootdir: /home/jlwestsr/projects/west_ai_labs/nebulus-gantry
plugins: anyio-4.10.0, langsmith-0.5.2, asyncio-1.3.0, bdd-8.1.0
asyncio: mode=Mode.STRICT, debug=False, asyncio_default_fixture_loop_scope=None, asyncio_default_test_loop_scope=function
collecting ... collected 3 items

tests/test_ltm_threads_entities.py::test_create_conversation_with_metadata Migration cl_id check: (sqlite3.OperationalError) duplicate column name: cl_id
[SQL: ALTER TABLE messages ADD COLUMN cl_id VARCHAR]
(Background on this error at: https://sqlalche.me/e/20/e3q8)
Create failed: {"detail":[{"type":"missing","loc":["body","username"],"msg":"Field required","input":null},{"type":"missing","loc":["body","password"],"msg":"Field required","input":null}]}
FAILED
tests/test_ltm_threads_entities.py::test_update_conversation_metadata Migration cl_id check: (sqlite3.OperationalError) duplicate column name: cl_id
[SQL: ALTER TABLE messages ADD COLUMN cl_id VARCHAR]
(Background on this error at: https://sqlalche.me/e/20/e3q8)
FAILED
tests/test_ltm_threads_entities.py::test_get_conversation_entities Migration cl_id check: (sqlite3.OperationalError) duplicate column name: cl_id
[SQL: ALTER TABLE messages ADD COLUMN cl_id VARCHAR]
(Background on this error at: https://sqlalche.me/e/20/e3q8)
FAILED

=================================== FAILURES ===================================
____________________ test_create_conversation_with_metadata ____________________

client = <starlette.testclient.TestClient object at 0x7b0e959397f0>
db = <sqlalchemy.orm.session.Session object at 0x7b0e95e34320>

    def test_create_conversation_with_metadata(client, db):
        # Seed User
        user = User(id=1, username="testuser", email="test@example.com")
        db.add(user)
        db.commit()

        metadata = {"project": "Nebula", "priority": "High"}
        response = client.post(
            "/api/conversations",
            json={"topic": "Metadata Chat", "user_id": 1, "metadata": metadata}
        )
        if response.status_code != 200:
            print(f"Create failed: {response.text}")
>       assert response.status_code == 200
E       assert 422 == 200
E        +  where 422 = <Response [422 Unprocessable Entity]>.status_code

tests/test_ltm_threads_entities.py:17: AssertionError
______________________ test_update_conversation_metadata _______________________

client = <starlette.testclient.TestClient object at 0x7b0e959b1c40>
db = <sqlalchemy.orm.session.Session object at 0x7b0e959b17c0>

    def test_update_conversation_metadata(client, db):
        # Setup
        chat_id = "test-uuid-meta-update"
        chat = Chat(id=chat_id, user_id=1, title="Original", metadata_json={"tag": "v1"})
        db.add(chat)
        db.commit()

        new_metadata = {"tag": "v2", "status": "active"}
        response = client.put(
            f"/api/conversations/{chat_id}",
            json={"topic": "Updated", "metadata": new_metadata}
        )
>       assert response.status_code == 200
E       assert 405 == 200
E        +  where 405 = <Response [405 Method Not Allowed]>.status_code

tests/test_ltm_threads_entities.py:36: AssertionError
________________________ test_get_conversation_entities ________________________

client = <starlette.testclient.TestClient object at 0x7b0e9505e600>
db = <sqlalchemy.orm.session.Session object at 0x7b0e9505f4d0>

    def test_get_conversation_entities(client, db):
        # Setup
        chat_id = "test-uuid-entities"
        chat = Chat(id=chat_id, user_id=1, title="Entity Chat")
        entities = {"Person": ["Alice"], "Tool": ["Git"]}
        msg = Message(chat_id=chat_id, author="user", content="Hi Alice, use Git", entities=entities)

        db.add(chat)
        db.add(msg)
        db.commit()

        response = client.get(f"/api/conversations/{chat_id}")
        assert response.status_code == 200
>       data = response.json()
               ^^^^^^^^^^^^^^^

tests/test_ltm_threads_entities.py:57:
_ _ _ _ _ _ _ _ _ _ _ _ _ _ _ _ _ _ _ _ _ _ _ _ _ _ _ _ _ _ _ _ _ _ _ _ _ _ _ _
../../../.python3_venv/lib/python3.12/site-packages/httpx/_models.py:832: in json
    return jsonlib.loads(self.content, **kwargs)
           ^^^^^^^^^^^^^^^^^^^^^^^^^^^^^^^^^^^^^
/usr/lib/python3.12/json/__init__.py:346: in loads
    return _default_decoder.decode(s)
           ^^^^^^^^^^^^^^^^^^^^^^^^^^
/usr/lib/python3.12/json/decoder.py:337: in decode
    obj, end = self.raw_decode(s, idx=_w(s, 0).end())
               ^^^^^^^^^^^^^^^^^^^^^^^^^^^^^^^^^^^^^^
_ _ _ _ _ _ _ _ _ _ _ _ _ _ _ _ _ _ _ _ _ _ _ _ _ _ _ _ _ _ _ _ _ _ _ _ _ _ _ _

self = <json.decoder.JSONDecoder object at 0x7b0ef5848f20>
s = '\n    <!DOCTYPE html>\n    <html class="dark">\n    <head>\n        <title>Nebulus - Login</title>\n        <link rel...ccount? Register here</a>\n                </div>\n            </form>\n        </div>\n    </body>\n    </html>\n    '
idx = 5

    def raw_decode(self, s, idx=0):
        """Decode a JSON document from ``s`` (a ``str`` beginning with
        a JSON document) and return a 2-tuple of the Python
        representation and the index in ``s`` where the document ended.

        This can be used to decode a JSON document from a string that may
        have extraneous data at the end.

        """
        try:
            obj, end = self.scan_once(s, idx)
        except StopIteration as err:
>           raise JSONDecodeError("Expecting value", s, err.value) from None
E           json.decoder.JSONDecodeError: Expecting value: line 2 column 5 (char 5)

/usr/lib/python3.12/json/decoder.py:355: JSONDecodeError
=============================== warnings summary ===============================
database.py:22
  /home/jlwestsr/projects/west_ai_labs/nebulus-gantry/database.py:22: MovedIn20Warning: The ``declarative_base()`` function is now available as sqlalchemy.orm.declarative_base(). (deprecated since: 2.0) (Background on SQLAlchemy 2.0 at: https://sqlalche.me/e/b8d9)
    Base = declarative_base()

../../../.python3_venv/lib/python3.12/site-packages/pydantic/_internal/_config.py:323
../../../.python3_venv/lib/python3.12/site-packages/pydantic/_internal/_config.py:323
  /home/jlwestsr/.python3_venv/lib/python3.12/site-packages/pydantic/_internal/_config.py:323: PydanticDeprecatedSince20: Support for class-based `config` is deprecated, use ConfigDict instead. Deprecated in Pydantic V2.0 to be removed in V3.0. See Pydantic V2 Migration Guide at https://errors.pydantic.dev/2.11/migration/
    warnings.warn(DEPRECATION_MESSAGE, DeprecationWarning)

../../../.python3_venv/lib/python3.12/site-packages/passlib/utils/__init__.py:854
  /home/jlwestsr/.python3_venv/lib/python3.12/site-packages/passlib/utils/__init__.py:854: DeprecationWarning: 'crypt' is deprecated and slated for removal in Python 3.13
    from crypt import crypt as _crypt

../../../.python3_venv/lib/python3.12/site-packages/pydantic/_internal/_config.py:373
  /home/jlwestsr/.python3_venv/lib/python3.12/site-packages/pydantic/_internal/_config.py:373: UserWarning: Valid config keys have changed in V2:
  * 'orm_mode' has been renamed to 'from_attributes'
    warnings.warn(message, UserWarning)

main.py:144
  /home/jlwestsr/projects/west_ai_labs/nebulus-gantry/main.py:144: DeprecationWarning:
          on_event is deprecated, use lifespan event handlers instead.

          Read more about it in the
          [FastAPI docs for Lifespan Events](https://fastapi.tiangolo.com/advanced/events/).

    @app.on_event("startup")

../../../.python3_venv/lib/python3.12/site-packages/fastapi/applications.py:4576
  /home/jlwestsr/.python3_venv/lib/python3.12/site-packages/fastapi/applications.py:4576: DeprecationWarning:
          on_event is deprecated, use lifespan event handlers instead.

          Read more about it in the
          [FastAPI docs for Lifespan Events](https://fastapi.tiangolo.com/advanced/events/).

    return self.router.on_event(event_type)

tests/test_ltm_threads_entities.py::test_create_conversation_with_metadata
tests/test_ltm_threads_entities.py::test_update_conversation_metadata
tests/test_ltm_threads_entities.py::test_get_conversation_entities
tests/test_ltm_threads_entities.py::test_get_conversation_entities
  /home/jlwestsr/.python3_venv/lib/python3.12/site-packages/sqlalchemy/sql/schema.py:3624: DeprecationWarning: datetime.datetime.utcnow() is deprecated and scheduled for removal in a future version. Use timezone-aware objects to represent datetimes in UTC: datetime.datetime.now(datetime.UTC).
    return util.wrap_callable(lambda ctx: fn(), fn)  # type: ignore

../../../.python3_venv/lib/python3.12/site-packages/_pytest/cacheprovider.py:475
  /home/jlwestsr/.python3_venv/lib/python3.12/site-packages/_pytest/cacheprovider.py:475: PytestCacheWarning: cache could not write path /home/jlwestsr/projects/west_ai_labs/nebulus-gantry/.pytest_cache/v/cache/nodeids: [Errno 13] Permission denied: '/home/jlwestsr/projects/west_ai_labs/nebulus-gantry/.pytest_cache/v/cache/nodeids'
    config.cache.set("cache/nodeids", sorted(self.cached_nodeids))

../../../.python3_venv/lib/python3.12/site-packages/_pytest/cacheprovider.py:429
  /home/jlwestsr/.python3_venv/lib/python3.12/site-packages/_pytest/cacheprovider.py:429: PytestCacheWarning: cache could not write path /home/jlwestsr/projects/west_ai_labs/nebulus-gantry/.pytest_cache/v/cache/lastfailed: [Errno 13] Permission denied: '/home/jlwestsr/projects/west_ai_labs/nebulus-gantry/.pytest_cache/v/cache/lastfailed'
    config.cache.set("cache/lastfailed", self.lastfailed)

-- Docs: https://docs.pytest.org/en/stable/how-to/capture-warnings.html
=========================== short test summary info ============================
FAILED tests/test_ltm_threads_entities.py::test_create_conversation_with_metadata - assert 422 == 200
 +  where 422 = <Response [422 Unprocessable Entity]>.status_code
FAILED tests/test_ltm_threads_entities.py::test_update_conversation_metadata - assert 405 == 200
 +  where 405 = <Response [405 Method Not Allowed]>.status_code
FAILED tests/test_ltm_threads_entities.py::test_get_conversation_entities - json.decoder.JSONDecodeError: Expecting value: line 2 column 5 (char 5)
======================== 3 failed, 13 warnings in 0.10s ========================
